<?xml version="1.0" encoding="UTF-8"?>
<testsuites name="Smoke_Datafiles" time="60.003" tests="3" failures="0" errors="0">
   <testsuite name="Smoke_Datafiles" tests="3" failures="0" errors="0" time="60.003" skipped="0" timestamp="2022-10-24 13:56:08" hostname="memo_ - LAPTOP-8G2EG4D2" id="Test Suites/Smoke_Datafiles">
      <properties>
         <property name="deviceName" value=""/>
         <property name="devicePlatform" value=""/>
         <property name="logFolder" value="C:\\Users\\memo_\\Katalon Studio\\Katalon_Demo\\Reports\\20221024_135601\\Smoke_Datafiles\\20221024_135602"/>
         <property name="logFiles" value="C:\\Users\\memo_\\Katalon Studio\\Katalon_Demo\\Reports\\20221024_135601\\Smoke_Datafiles\\20221024_135602\\execution0.log"/>
         <property name="attachments" value=""/>
         <property name="hostName" value="memo_ - LAPTOP-8G2EG4D2"/>
         <property name="os" value="Windows 10 64bit"/>
         <property name="katalonVersion" value="8.4.0.208"/>
         <property name="browser" value="Chrome 106.0.0.0"/>
         <property name="hostAddress" value="192.168.0.6"/>
         <property name="sessionId" value="0fdb31c3765c37f831a923156e859a8e"/>
         <property name="seleniumVersion" value="3.141.59"/>
         <property name="proxyInformation" value="ProxyInformation { proxyOption=NO_PROXY, proxyServerType=HTTP, username=, password=********, proxyServerAddress=, proxyServerPort=0, executionList=&quot;&quot;, isApplyToDesiredCapabilities=true }"/>
         <property name="platform" value="Windows 10"/>
      </properties>
      <testcase name="Test Cases/Form/Test_FillUpForm with DataFiles" time="15.098" classname="Test Cases/Form/Test_FillUpForm with DataFiles" status="PASSED">
         <system-out><![CDATA[2022-10-24 13:56:09 - [TEST_CASE][PASSED] - Test Cases/Form/Test_FillUpForm with DataFiles: Test Cases/Form/Test_FillUpForm with DataFiles

2022-10-24 13:56:09 - [TEST_STEP][PASSED] - openBrowser(url_form): Browser is opened with url: 'https://www.techlistic.com/p/selenium-practice-form.html'

2022-10-24 13:56:09 - [MESSAGE][INFO] - Starting 'Chrome' driver

2022-10-24 13:56:09 - [MESSAGE][INFO] - Action delay is set to 0 milliseconds

2022-10-24 13:56:12 - [MESSAGE][PASSED] - Browser is opened with url: 'https://www.techlistic.com/p/selenium-practice-form.html'

2022-10-24 13:56:12 - [TEST_STEP][PASSED] - maximizeWindow(): Current window maximized

2022-10-24 13:56:12 - [MESSAGE][PASSED] - Current window maximized

2022-10-24 13:56:12 - [TEST_STEP][PASSED] - input_FirstName = findTestObject("Object Repository/Page_FillUpForm/input_FirstName"): null

2022-10-24 13:56:13 - [TEST_STEP][PASSED] - input_LastName = findTestObject("Object Repository/Page_FillUpForm/input_Last name_lastname"): null

2022-10-24 13:56:13 - [TEST_STEP][PASSED] - input_Date = findTestObject("Object Repository/Page_FillUpForm/input_Date_datepicker"): null

2022-10-24 13:56:13 - [TEST_STEP][PASSED] - setText(input_FirstName, first_name): Text 'Guillermo' is set on object 'Object Repository/Page_FillUpForm/input_FirstName'

2022-10-24 13:56:13 - [MESSAGE][PASSED] - Text 'Guillermo' is set on object 'Object Repository/Page_FillUpForm/input_FirstName'

2022-10-24 13:56:13 - [TEST_STEP][PASSED] - setText(input_LastName, last_name): Text 'Perez' is set on object 'Object Repository/Page_FillUpForm/input_Last name_lastname'

2022-10-24 13:56:14 - [MESSAGE][PASSED] - Text 'Perez' is set on object 'Object Repository/Page_FillUpForm/input_Last name_lastname'

2022-10-24 13:56:14 - [TEST_STEP][PASSED] - click(findTestObject("Object Repository/Page_FillUpForm/input_Gender_sex")): Object: 'Object Repository/Page_FillUpForm/input_Gender_sex' is clicked on

2022-10-24 13:56:14 - [MESSAGE][PASSED] - Object: 'Object Repository/Page_FillUpForm/input_Gender_sex' is clicked on

2022-10-24 13:56:14 - [TEST_STEP][PASSED] - click(findTestObject("Object Repository/Page_FillUpForm/input_Years of Experience_exp")): Object: 'Object Repository/Page_FillUpForm/input_Years of Experience_exp' is clicked on

2022-10-24 13:56:15 - [MESSAGE][PASSED] - Object: 'Object Repository/Page_FillUpForm/input_Years of Experience_exp' is clicked on

2022-10-24 13:56:15 - [TEST_STEP][PASSED] - setText(input_Date, date): Text '14/07/1993' is set on object 'Object Repository/Page_FillUpForm/input_Date_datepicker'

2022-10-24 13:56:15 - [MESSAGE][PASSED] - Text '14/07/1993' is set on object 'Object Repository/Page_FillUpForm/input_Date_datepicker'

2022-10-24 13:56:15 - [TEST_STEP][PASSED] - click(findTestObject("Object Repository/Page_FillUpForm/input_Profession_profession")): Object: 'Object Repository/Page_FillUpForm/input_Profession_profession' is clicked on

2022-10-24 13:56:16 - [MESSAGE][PASSED] - Object: 'Object Repository/Page_FillUpForm/input_Profession_profession' is clicked on

2022-10-24 13:56:16 - [TEST_STEP][PASSED] - click(findTestObject("Object Repository/Page_FillUpForm/input_Profession_profession_1")): Object: 'Object Repository/Page_FillUpForm/input_Profession_profession_1' is clicked on

2022-10-24 13:56:16 - [MESSAGE][PASSED] - Object: 'Object Repository/Page_FillUpForm/input_Profession_profession_1' is clicked on

2022-10-24 13:56:16 - [TEST_STEP][PASSED] - click(findTestObject("Object Repository/Page_FillUpForm/input_Automation Tools_tool")): Object: 'Object Repository/Page_FillUpForm/input_Automation Tools_tool' is clicked on

2022-10-24 13:56:16 - [MESSAGE][PASSED] - Object: 'Object Repository/Page_FillUpForm/input_Automation Tools_tool' is clicked on

2022-10-24 13:56:16 - [TEST_STEP][PASSED] - selectOptionByValue(findTestObject("Object Repository/Page_FillUpForm/select_AsiaEuropeAfricaAustraliaSouth Ameri_982c86"), "North America", true): All options with value 'North America' are selected in object 'Object Repository/Page_FillUpForm/select_AsiaEuropeAfricaAustraliaSouth Ameri_982c86'  using regular expression

2022-10-24 13:56:21 - [MESSAGE][PASSED] - All options with value 'North America' are selected in object 'Object Repository/Page_FillUpForm/select_AsiaEuropeAfricaAustraliaSouth Ameri_982c86'  using regular expression

2022-10-24 13:56:21 - [TEST_STEP][PASSED] - selectOptionByValue(findTestObject("Object Repository/Page_FillUpForm/select_Browser CommandsNavigation CommandsS_69f390"), "Browser Commands", true): All options with value 'Browser Commands' are selected in object 'Object Repository/Page_FillUpForm/select_Browser CommandsNavigation CommandsS_69f390'  using regular expression

2022-10-24 13:56:22 - [MESSAGE][PASSED] - All options with value 'Browser Commands' are selected in object 'Object Repository/Page_FillUpForm/select_Browser CommandsNavigation CommandsS_69f390'  using regular expression

2022-10-24 13:56:22 - [TEST_STEP][PASSED] - selectOptionByValue(findTestObject("Object Repository/Page_FillUpForm/select_Browser CommandsNavigation CommandsS_69f390"), "WebElement Commands", true): All options with value 'WebElement Commands' are selected in object 'Object Repository/Page_FillUpForm/select_Browser CommandsNavigation CommandsS_69f390'  using regular expression

2022-10-24 13:56:23 - [MESSAGE][PASSED] - All options with value 'WebElement Commands' are selected in object 'Object Repository/Page_FillUpForm/select_Browser CommandsNavigation CommandsS_69f390'  using regular expression

2022-10-24 13:56:23 - [TEST_STEP][PASSED] - click(findTestObject("Object Repository/Page_FillUpForm/btnSubmit")): Object: 'Object Repository/Page_FillUpForm/btnSubmit' is clicked on

2022-10-24 13:56:23 - [MESSAGE][PASSED] - Object: 'Object Repository/Page_FillUpForm/btnSubmit' is clicked on

2022-10-24 13:56:23 - [TEST_STEP][PASSED] - verifyElementPresent(findTestObject("Page_FillUpForm/btnSubmit"), 3): Object 'Object Repository/Page_FillUpForm/btnSubmit' is present

2022-10-24 13:56:24 - [MESSAGE][PASSED] - Object 'Object Repository/Page_FillUpForm/btnSubmit' is present]]></system-out>
         <system-err><![CDATA[]]></system-err>
      </testcase>
      <testcase name="Test Cases/Form/Test_FillUpForm with DataFiles" time="21.41" classname="Test Cases/Form/Test_FillUpForm with DataFiles" status="PASSED">
         <system-out><![CDATA[2022-10-24 13:56:24 - [TEST_CASE][PASSED] - Test Cases/Form/Test_FillUpForm with DataFiles: Test Cases/Form/Test_FillUpForm with DataFiles

2022-10-24 13:56:24 - [TEST_STEP][PASSED] - openBrowser(url_form): Browser is opened with url: 'https://www.techlistic.com/p/selenium-practice-form.html'

2022-10-24 13:56:24 - [MESSAGE][WARNING] - A browser is already opened. Closing browser and opening a new one

2022-10-24 13:56:24 - [MESSAGE][INFO] - Starting 'Chrome' driver

2022-10-24 13:56:24 - [MESSAGE][INFO] - Action delay is set to 0 milliseconds

2022-10-24 13:56:30 - [MESSAGE][PASSED] - Browser is opened with url: 'https://www.techlistic.com/p/selenium-practice-form.html'

2022-10-24 13:56:30 - [TEST_STEP][PASSED] - maximizeWindow(): Current window maximized

2022-10-24 13:56:30 - [MESSAGE][PASSED] - Current window maximized

2022-10-24 13:56:30 - [TEST_STEP][PASSED] - input_FirstName = findTestObject("Object Repository/Page_FillUpForm/input_FirstName"): null

2022-10-24 13:56:30 - [TEST_STEP][PASSED] - input_LastName = findTestObject("Object Repository/Page_FillUpForm/input_Last name_lastname"): null

2022-10-24 13:56:30 - [TEST_STEP][PASSED] - input_Date = findTestObject("Object Repository/Page_FillUpForm/input_Date_datepicker"): null

2022-10-24 13:56:30 - [TEST_STEP][PASSED] - setText(input_FirstName, first_name): Text 'David' is set on object 'Object Repository/Page_FillUpForm/input_FirstName'

2022-10-24 13:56:31 - [MESSAGE][PASSED] - Text 'David' is set on object 'Object Repository/Page_FillUpForm/input_FirstName'

2022-10-24 13:56:31 - [TEST_STEP][PASSED] - setText(input_LastName, last_name): Text 'Chessani' is set on object 'Object Repository/Page_FillUpForm/input_Last name_lastname'

2022-10-24 13:56:36 - [MESSAGE][PASSED] - Text 'Chessani' is set on object 'Object Repository/Page_FillUpForm/input_Last name_lastname'

2022-10-24 13:56:36 - [TEST_STEP][PASSED] - click(findTestObject("Object Repository/Page_FillUpForm/input_Gender_sex")): Object: 'Object Repository/Page_FillUpForm/input_Gender_sex' is clicked on

2022-10-24 13:56:39 - [MESSAGE][PASSED] - Object: 'Object Repository/Page_FillUpForm/input_Gender_sex' is clicked on

2022-10-24 13:56:39 - [TEST_STEP][PASSED] - click(findTestObject("Object Repository/Page_FillUpForm/input_Years of Experience_exp")): Object: 'Object Repository/Page_FillUpForm/input_Years of Experience_exp' is clicked on

2022-10-24 13:56:39 - [MESSAGE][PASSED] - Object: 'Object Repository/Page_FillUpForm/input_Years of Experience_exp' is clicked on

2022-10-24 13:56:39 - [TEST_STEP][PASSED] - setText(input_Date, date): Text '06/02/1988' is set on object 'Object Repository/Page_FillUpForm/input_Date_datepicker'

2022-10-24 13:56:40 - [MESSAGE][PASSED] - Text '06/02/1988' is set on object 'Object Repository/Page_FillUpForm/input_Date_datepicker'

2022-10-24 13:56:40 - [TEST_STEP][PASSED] - click(findTestObject("Object Repository/Page_FillUpForm/input_Profession_profession")): Object: 'Object Repository/Page_FillUpForm/input_Profession_profession' is clicked on

2022-10-24 13:56:40 - [MESSAGE][PASSED] - Object: 'Object Repository/Page_FillUpForm/input_Profession_profession' is clicked on

2022-10-24 13:56:40 - [TEST_STEP][PASSED] - click(findTestObject("Object Repository/Page_FillUpForm/input_Profession_profession_1")): Object: 'Object Repository/Page_FillUpForm/input_Profession_profession_1' is clicked on

2022-10-24 13:56:40 - [MESSAGE][PASSED] - Object: 'Object Repository/Page_FillUpForm/input_Profession_profession_1' is clicked on

2022-10-24 13:56:40 - [TEST_STEP][PASSED] - click(findTestObject("Object Repository/Page_FillUpForm/input_Automation Tools_tool")): Object: 'Object Repository/Page_FillUpForm/input_Automation Tools_tool' is clicked on

2022-10-24 13:56:41 - [MESSAGE][PASSED] - Object: 'Object Repository/Page_FillUpForm/input_Automation Tools_tool' is clicked on

2022-10-24 13:56:41 - [TEST_STEP][PASSED] - selectOptionByValue(findTestObject("Object Repository/Page_FillUpForm/select_AsiaEuropeAfricaAustraliaSouth Ameri_982c86"), "North America", true): All options with value 'North America' are selected in object 'Object Repository/Page_FillUpForm/select_AsiaEuropeAfricaAustraliaSouth Ameri_982c86'  using regular expression

2022-10-24 13:56:42 - [MESSAGE][PASSED] - All options with value 'North America' are selected in object 'Object Repository/Page_FillUpForm/select_AsiaEuropeAfricaAustraliaSouth Ameri_982c86'  using regular expression

2022-10-24 13:56:42 - [TEST_STEP][PASSED] - selectOptionByValue(findTestObject("Object Repository/Page_FillUpForm/select_Browser CommandsNavigation CommandsS_69f390"), "Browser Commands", true): All options with value 'Browser Commands' are selected in object 'Object Repository/Page_FillUpForm/select_Browser CommandsNavigation CommandsS_69f390'  using regular expression

2022-10-24 13:56:43 - [MESSAGE][PASSED] - All options with value 'Browser Commands' are selected in object 'Object Repository/Page_FillUpForm/select_Browser CommandsNavigation CommandsS_69f390'  using regular expression

2022-10-24 13:56:43 - [TEST_STEP][PASSED] - selectOptionByValue(findTestObject("Object Repository/Page_FillUpForm/select_Browser CommandsNavigation CommandsS_69f390"), "WebElement Commands", true): All options with value 'WebElement Commands' are selected in object 'Object Repository/Page_FillUpForm/select_Browser CommandsNavigation CommandsS_69f390'  using regular expression

2022-10-24 13:56:44 - [MESSAGE][PASSED] - All options with value 'WebElement Commands' are selected in object 'Object Repository/Page_FillUpForm/select_Browser CommandsNavigation CommandsS_69f390'  using regular expression

2022-10-24 13:56:44 - [TEST_STEP][PASSED] - click(findTestObject("Object Repository/Page_FillUpForm/btnSubmit")): Object: 'Object Repository/Page_FillUpForm/btnSubmit' is clicked on

2022-10-24 13:56:45 - [MESSAGE][PASSED] - Object: 'Object Repository/Page_FillUpForm/btnSubmit' is clicked on

2022-10-24 13:56:45 - [TEST_STEP][PASSED] - verifyElementPresent(findTestObject("Page_FillUpForm/btnSubmit"), 3): Object 'Object Repository/Page_FillUpForm/btnSubmit' is present

2022-10-24 13:56:45 - [MESSAGE][PASSED] - Object 'Object Repository/Page_FillUpForm/btnSubmit' is present]]></system-out>
         <system-err><![CDATA[]]></system-err>
      </testcase>
      <testcase name="Test Cases/Form/Test_FillUpForm with DataFiles" time="23.156" classname="Test Cases/Form/Test_FillUpForm with DataFiles" status="PASSED">
         <system-out><![CDATA[2022-10-24 13:56:45 - [TEST_CASE][PASSED] - Test Cases/Form/Test_FillUpForm with DataFiles: Test Cases/Form/Test_FillUpForm with DataFiles

2022-10-24 13:56:45 - [TEST_STEP][PASSED] - openBrowser(url_form): Browser is opened with url: 'https://www.techlistic.com/p/selenium-practice-form.html'

2022-10-24 13:56:45 - [MESSAGE][WARNING] - A browser is already opened. Closing browser and opening a new one

2022-10-24 13:56:46 - [MESSAGE][INFO] - Starting 'Chrome' driver

2022-10-24 13:56:46 - [MESSAGE][INFO] - Action delay is set to 0 milliseconds

2022-10-24 13:56:51 - [MESSAGE][PASSED] - Browser is opened with url: 'https://www.techlistic.com/p/selenium-practice-form.html'

2022-10-24 13:56:51 - [TEST_STEP][PASSED] - maximizeWindow(): Current window maximized

2022-10-24 13:56:51 - [MESSAGE][PASSED] - Current window maximized

2022-10-24 13:56:51 - [TEST_STEP][PASSED] - input_FirstName = findTestObject("Object Repository/Page_FillUpForm/input_FirstName"): null

2022-10-24 13:56:51 - [TEST_STEP][PASSED] - input_LastName = findTestObject("Object Repository/Page_FillUpForm/input_Last name_lastname"): null

2022-10-24 13:56:51 - [TEST_STEP][PASSED] - input_Date = findTestObject("Object Repository/Page_FillUpForm/input_Date_datepicker"): null

2022-10-24 13:56:51 - [TEST_STEP][PASSED] - setText(input_FirstName, first_name): Text 'Juan' is set on object 'Object Repository/Page_FillUpForm/input_FirstName'

2022-10-24 13:56:55 - [MESSAGE][PASSED] - Text 'Juan' is set on object 'Object Repository/Page_FillUpForm/input_FirstName'

2022-10-24 13:56:55 - [TEST_STEP][PASSED] - setText(input_LastName, last_name): Text 'Lopez' is set on object 'Object Repository/Page_FillUpForm/input_Last name_lastname'

2022-10-24 13:57:00 - [MESSAGE][PASSED] - Text 'Lopez' is set on object 'Object Repository/Page_FillUpForm/input_Last name_lastname'

2022-10-24 13:57:00 - [TEST_STEP][PASSED] - click(findTestObject("Object Repository/Page_FillUpForm/input_Gender_sex")): Object: 'Object Repository/Page_FillUpForm/input_Gender_sex' is clicked on

2022-10-24 13:57:01 - [MESSAGE][PASSED] - Object: 'Object Repository/Page_FillUpForm/input_Gender_sex' is clicked on

2022-10-24 13:57:01 - [TEST_STEP][PASSED] - click(findTestObject("Object Repository/Page_FillUpForm/input_Years of Experience_exp")): Object: 'Object Repository/Page_FillUpForm/input_Years of Experience_exp' is clicked on

2022-10-24 13:57:01 - [MESSAGE][PASSED] - Object: 'Object Repository/Page_FillUpForm/input_Years of Experience_exp' is clicked on

2022-10-24 13:57:01 - [TEST_STEP][PASSED] - setText(input_Date, date): Text '01/01/2001' is set on object 'Object Repository/Page_FillUpForm/input_Date_datepicker'

2022-10-24 13:57:02 - [MESSAGE][PASSED] - Text '01/01/2001' is set on object 'Object Repository/Page_FillUpForm/input_Date_datepicker'

2022-10-24 13:57:02 - [TEST_STEP][PASSED] - click(findTestObject("Object Repository/Page_FillUpForm/input_Profession_profession")): Object: 'Object Repository/Page_FillUpForm/input_Profession_profession' is clicked on

2022-10-24 13:57:04 - [MESSAGE][PASSED] - Object: 'Object Repository/Page_FillUpForm/input_Profession_profession' is clicked on

2022-10-24 13:57:04 - [TEST_STEP][PASSED] - click(findTestObject("Object Repository/Page_FillUpForm/input_Profession_profession_1")): Object: 'Object Repository/Page_FillUpForm/input_Profession_profession_1' is clicked on

2022-10-24 13:57:04 - [MESSAGE][PASSED] - Object: 'Object Repository/Page_FillUpForm/input_Profession_profession_1' is clicked on

2022-10-24 13:57:04 - [TEST_STEP][PASSED] - click(findTestObject("Object Repository/Page_FillUpForm/input_Automation Tools_tool")): Object: 'Object Repository/Page_FillUpForm/input_Automation Tools_tool' is clicked on

2022-10-24 13:57:04 - [MESSAGE][PASSED] - Object: 'Object Repository/Page_FillUpForm/input_Automation Tools_tool' is clicked on

2022-10-24 13:57:04 - [TEST_STEP][PASSED] - selectOptionByValue(findTestObject("Object Repository/Page_FillUpForm/select_AsiaEuropeAfricaAustraliaSouth Ameri_982c86"), "North America", true): All options with value 'North America' are selected in object 'Object Repository/Page_FillUpForm/select_AsiaEuropeAfricaAustraliaSouth Ameri_982c86'  using regular expression

2022-10-24 13:57:05 - [MESSAGE][PASSED] - All options with value 'North America' are selected in object 'Object Repository/Page_FillUpForm/select_AsiaEuropeAfricaAustraliaSouth Ameri_982c86'  using regular expression

2022-10-24 13:57:05 - [TEST_STEP][PASSED] - selectOptionByValue(findTestObject("Object Repository/Page_FillUpForm/select_Browser CommandsNavigation CommandsS_69f390"), "Browser Commands", true): All options with value 'Browser Commands' are selected in object 'Object Repository/Page_FillUpForm/select_Browser CommandsNavigation CommandsS_69f390'  using regular expression

2022-10-24 13:57:06 - [MESSAGE][PASSED] - All options with value 'Browser Commands' are selected in object 'Object Repository/Page_FillUpForm/select_Browser CommandsNavigation CommandsS_69f390'  using regular expression

2022-10-24 13:57:06 - [TEST_STEP][PASSED] - selectOptionByValue(findTestObject("Object Repository/Page_FillUpForm/select_Browser CommandsNavigation CommandsS_69f390"), "WebElement Commands", true): All options with value 'WebElement Commands' are selected in object 'Object Repository/Page_FillUpForm/select_Browser CommandsNavigation CommandsS_69f390'  using regular expression

2022-10-24 13:57:07 - [MESSAGE][PASSED] - All options with value 'WebElement Commands' are selected in object 'Object Repository/Page_FillUpForm/select_Browser CommandsNavigation CommandsS_69f390'  using regular expression

2022-10-24 13:57:07 - [TEST_STEP][PASSED] - click(findTestObject("Object Repository/Page_FillUpForm/btnSubmit")): Object: 'Object Repository/Page_FillUpForm/btnSubmit' is clicked on

2022-10-24 13:57:08 - [MESSAGE][PASSED] - Object: 'Object Repository/Page_FillUpForm/btnSubmit' is clicked on

2022-10-24 13:57:08 - [TEST_STEP][PASSED] - verifyElementPresent(findTestObject("Page_FillUpForm/btnSubmit"), 3): Object 'Object Repository/Page_FillUpForm/btnSubmit' is present

2022-10-24 13:57:08 - [MESSAGE][PASSED] - Object 'Object Repository/Page_FillUpForm/btnSubmit' is present]]></system-out>
         <system-err><![CDATA[]]></system-err>
      </testcase>
      <system-out><![CDATA[2022-10-24 13:56:08 - [TEST_SUITE][PASSED] - Smoke_Datafiles: Test Cases/Form/Test_FillUpForm with DataFiles]]></system-out>
      <system-err><![CDATA[]]></system-err>
   </testsuite>
</testsuites>
