<?xml version="1.0" encoding="UTF-8"?>
<testsuites name="Smoke_Datafiles" time="60.031" tests="3" failures="0" errors="0">
   <testsuite name="Smoke_Datafiles" tests="3" failures="0" errors="0" time="60.031" skipped="0" timestamp="2022-10-24 13:42:58" hostname="memo_ - LAPTOP-8G2EG4D2" id="Test Suites/Smoke_Datafiles">
      <properties>
         <property name="deviceName" value=""/>
         <property name="devicePlatform" value=""/>
         <property name="logFolder" value="C:\\Users\\memo_\\Katalon Studio\\Katalon_Demo\\Reports\\20221024_134251\\Smoke_Datafiles\\20221024_134252"/>
         <property name="logFiles" value="C:\\Users\\memo_\\Katalon Studio\\Katalon_Demo\\Reports\\20221024_134251\\Smoke_Datafiles\\20221024_134252\\execution0.log"/>
         <property name="attachments" value=""/>
         <property name="hostName" value="memo_ - LAPTOP-8G2EG4D2"/>
         <property name="os" value="Windows 10 64bit"/>
         <property name="katalonVersion" value="8.4.0.208"/>
         <property name="browser" value="Chrome 106.0.0.0"/>
         <property name="hostAddress" value="192.168.0.6"/>
         <property name="sessionId" value="7d0b875b06f8b1af6c0ec93e8090583a"/>
         <property name="seleniumVersion" value="3.141.59"/>
         <property name="proxyInformation" value="ProxyInformation { proxyOption=NO_PROXY, proxyServerType=HTTP, username=, password=********, proxyServerAddress=, proxyServerPort=0, executionList=&quot;&quot;, isApplyToDesiredCapabilities=true }"/>
         <property name="platform" value="Windows 10"/>
      </properties>
      <testcase name="Test Cases/Form/Test_FillUpForm with DataFiles" time="23.149" classname="Test Cases/Form/Test_FillUpForm with DataFiles" status="PASSED">
         <system-out><![CDATA[2022-10-24 13:42:58 - [TEST_CASE][PASSED] - Test Cases/Form/Test_FillUpForm with DataFiles: Test Cases/Form/Test_FillUpForm with DataFiles

2022-10-24 13:42:59 - [TEST_STEP][PASSED] - openBrowser(url_form): Browser is opened with url: 'https://www.techlistic.com/p/selenium-practice-form.html'

2022-10-24 13:42:59 - [MESSAGE][INFO] - Starting 'Chrome' driver

2022-10-24 13:42:59 - [MESSAGE][INFO] - Action delay is set to 0 milliseconds

2022-10-24 13:43:06 - [MESSAGE][PASSED] - Browser is opened with url: 'https://www.techlistic.com/p/selenium-practice-form.html'

2022-10-24 13:43:06 - [TEST_STEP][PASSED] - maximizeWindow(): Current window maximized

2022-10-24 13:43:06 - [MESSAGE][PASSED] - Current window maximized

2022-10-24 13:43:06 - [TEST_STEP][PASSED] - input_FirstName = findTestObject("Object Repository/Page_FillUpForm/input_FirstName"): null

2022-10-24 13:43:06 - [TEST_STEP][PASSED] - input_LastName = findTestObject("Object Repository/Page_FillUpForm/input_Last name_lastname"): null

2022-10-24 13:43:06 - [TEST_STEP][PASSED] - input_Date = findTestObject("Object Repository/Page_FillUpForm/input_Date_datepicker"): null

2022-10-24 13:43:06 - [TEST_STEP][PASSED] - setText(input_FirstName, "Guillermo"): Text 'Guillermo' is set on object 'Object Repository/Page_FillUpForm/input_FirstName'

2022-10-24 13:43:13 - [MESSAGE][PASSED] - Text 'Guillermo' is set on object 'Object Repository/Page_FillUpForm/input_FirstName'

2022-10-24 13:43:13 - [TEST_STEP][PASSED] - setText(input_LastName, "Perez"): Text 'Perez' is set on object 'Object Repository/Page_FillUpForm/input_Last name_lastname'

2022-10-24 13:43:14 - [MESSAGE][PASSED] - Text 'Perez' is set on object 'Object Repository/Page_FillUpForm/input_Last name_lastname'

2022-10-24 13:43:14 - [TEST_STEP][PASSED] - click(findTestObject("Object Repository/Page_FillUpForm/input_Gender_sex")): Object: 'Object Repository/Page_FillUpForm/input_Gender_sex' is clicked on

2022-10-24 13:43:15 - [MESSAGE][PASSED] - Object: 'Object Repository/Page_FillUpForm/input_Gender_sex' is clicked on

2022-10-24 13:43:15 - [TEST_STEP][PASSED] - click(findTestObject("Object Repository/Page_FillUpForm/input_Years of Experience_exp")): Object: 'Object Repository/Page_FillUpForm/input_Years of Experience_exp' is clicked on

2022-10-24 13:43:15 - [MESSAGE][PASSED] - Object: 'Object Repository/Page_FillUpForm/input_Years of Experience_exp' is clicked on

2022-10-24 13:43:15 - [TEST_STEP][PASSED] - setText(input_Date, "14/07/1993"): Text '14/07/1993' is set on object 'Object Repository/Page_FillUpForm/input_Date_datepicker'

2022-10-24 13:43:16 - [MESSAGE][PASSED] - Text '14/07/1993' is set on object 'Object Repository/Page_FillUpForm/input_Date_datepicker'

2022-10-24 13:43:16 - [TEST_STEP][PASSED] - click(findTestObject("Object Repository/Page_FillUpForm/input_Profession_profession")): Object: 'Object Repository/Page_FillUpForm/input_Profession_profession' is clicked on

2022-10-24 13:43:16 - [MESSAGE][PASSED] - Object: 'Object Repository/Page_FillUpForm/input_Profession_profession' is clicked on

2022-10-24 13:43:16 - [TEST_STEP][PASSED] - click(findTestObject("Object Repository/Page_FillUpForm/input_Profession_profession_1")): Object: 'Object Repository/Page_FillUpForm/input_Profession_profession_1' is clicked on

2022-10-24 13:43:17 - [MESSAGE][PASSED] - Object: 'Object Repository/Page_FillUpForm/input_Profession_profession_1' is clicked on

2022-10-24 13:43:17 - [TEST_STEP][PASSED] - click(findTestObject("Object Repository/Page_FillUpForm/input_Automation Tools_tool")): Object: 'Object Repository/Page_FillUpForm/input_Automation Tools_tool' is clicked on

2022-10-24 13:43:17 - [MESSAGE][PASSED] - Object: 'Object Repository/Page_FillUpForm/input_Automation Tools_tool' is clicked on

2022-10-24 13:43:17 - [TEST_STEP][PASSED] - selectOptionByValue(findTestObject("Object Repository/Page_FillUpForm/select_AsiaEuropeAfricaAustraliaSouth Ameri_982c86"), "North America", true): All options with value 'North America' are selected in object 'Object Repository/Page_FillUpForm/select_AsiaEuropeAfricaAustraliaSouth Ameri_982c86'  using regular expression

2022-10-24 13:43:18 - [MESSAGE][PASSED] - All options with value 'North America' are selected in object 'Object Repository/Page_FillUpForm/select_AsiaEuropeAfricaAustraliaSouth Ameri_982c86'  using regular expression

2022-10-24 13:43:18 - [TEST_STEP][PASSED] - selectOptionByValue(findTestObject("Object Repository/Page_FillUpForm/select_Browser CommandsNavigation CommandsS_69f390"), "Browser Commands", true): All options with value 'Browser Commands' are selected in object 'Object Repository/Page_FillUpForm/select_Browser CommandsNavigation CommandsS_69f390'  using regular expression

2022-10-24 13:43:19 - [MESSAGE][PASSED] - All options with value 'Browser Commands' are selected in object 'Object Repository/Page_FillUpForm/select_Browser CommandsNavigation CommandsS_69f390'  using regular expression

2022-10-24 13:43:19 - [TEST_STEP][PASSED] - selectOptionByValue(findTestObject("Object Repository/Page_FillUpForm/select_Browser CommandsNavigation CommandsS_69f390"), "WebElement Commands", true): All options with value 'WebElement Commands' are selected in object 'Object Repository/Page_FillUpForm/select_Browser CommandsNavigation CommandsS_69f390'  using regular expression

2022-10-24 13:43:20 - [MESSAGE][PASSED] - All options with value 'WebElement Commands' are selected in object 'Object Repository/Page_FillUpForm/select_Browser CommandsNavigation CommandsS_69f390'  using regular expression

2022-10-24 13:43:20 - [TEST_STEP][PASSED] - click(findTestObject("Object Repository/Page_FillUpForm/btnSubmit")): Object: 'Object Repository/Page_FillUpForm/btnSubmit' is clicked on

2022-10-24 13:43:20 - [MESSAGE][PASSED] - Object: 'Object Repository/Page_FillUpForm/btnSubmit' is clicked on

2022-10-24 13:43:20 - [TEST_STEP][PASSED] - verifyElementPresent(findTestObject("Page_FillUpForm/btnSubmit"), 3): Object 'Object Repository/Page_FillUpForm/btnSubmit' is present

2022-10-24 13:43:21 - [MESSAGE][PASSED] - Object 'Object Repository/Page_FillUpForm/btnSubmit' is present]]></system-out>
         <system-err><![CDATA[]]></system-err>
      </testcase>
      <testcase name="Test Cases/Form/Test_FillUpForm with DataFiles" time="20.841" classname="Test Cases/Form/Test_FillUpForm with DataFiles" status="PASSED">
         <system-out><![CDATA[2022-10-24 13:43:21 - [TEST_CASE][PASSED] - Test Cases/Form/Test_FillUpForm with DataFiles: Test Cases/Form/Test_FillUpForm with DataFiles

2022-10-24 13:43:21 - [TEST_STEP][PASSED] - openBrowser(url_form): Browser is opened with url: 'https://www.techlistic.com/p/selenium-practice-form.html'

2022-10-24 13:43:21 - [MESSAGE][WARNING] - A browser is already opened. Closing browser and opening a new one

2022-10-24 13:43:22 - [MESSAGE][INFO] - Starting 'Chrome' driver

2022-10-24 13:43:22 - [MESSAGE][INFO] - Action delay is set to 0 milliseconds

2022-10-24 13:43:27 - [MESSAGE][PASSED] - Browser is opened with url: 'https://www.techlistic.com/p/selenium-practice-form.html'

2022-10-24 13:43:27 - [TEST_STEP][PASSED] - maximizeWindow(): Current window maximized

2022-10-24 13:43:27 - [MESSAGE][PASSED] - Current window maximized

2022-10-24 13:43:27 - [TEST_STEP][PASSED] - input_FirstName = findTestObject("Object Repository/Page_FillUpForm/input_FirstName"): null

2022-10-24 13:43:27 - [TEST_STEP][PASSED] - input_LastName = findTestObject("Object Repository/Page_FillUpForm/input_Last name_lastname"): null

2022-10-24 13:43:27 - [TEST_STEP][PASSED] - input_Date = findTestObject("Object Repository/Page_FillUpForm/input_Date_datepicker"): null

2022-10-24 13:43:28 - [TEST_STEP][PASSED] - setText(input_FirstName, "Guillermo"): Text 'Guillermo' is set on object 'Object Repository/Page_FillUpForm/input_FirstName'

2022-10-24 13:43:31 - [MESSAGE][PASSED] - Text 'Guillermo' is set on object 'Object Repository/Page_FillUpForm/input_FirstName'

2022-10-24 13:43:31 - [TEST_STEP][PASSED] - setText(input_LastName, "Perez"): Text 'Perez' is set on object 'Object Repository/Page_FillUpForm/input_Last name_lastname'

2022-10-24 13:43:35 - [MESSAGE][PASSED] - Text 'Perez' is set on object 'Object Repository/Page_FillUpForm/input_Last name_lastname'

2022-10-24 13:43:35 - [TEST_STEP][PASSED] - click(findTestObject("Object Repository/Page_FillUpForm/input_Gender_sex")): Object: 'Object Repository/Page_FillUpForm/input_Gender_sex' is clicked on

2022-10-24 13:43:36 - [MESSAGE][PASSED] - Object: 'Object Repository/Page_FillUpForm/input_Gender_sex' is clicked on

2022-10-24 13:43:36 - [TEST_STEP][PASSED] - click(findTestObject("Object Repository/Page_FillUpForm/input_Years of Experience_exp")): Object: 'Object Repository/Page_FillUpForm/input_Years of Experience_exp' is clicked on

2022-10-24 13:43:36 - [MESSAGE][PASSED] - Object: 'Object Repository/Page_FillUpForm/input_Years of Experience_exp' is clicked on

2022-10-24 13:43:36 - [TEST_STEP][PASSED] - setText(input_Date, "14/07/1993"): Text '14/07/1993' is set on object 'Object Repository/Page_FillUpForm/input_Date_datepicker'

2022-10-24 13:43:37 - [MESSAGE][PASSED] - Text '14/07/1993' is set on object 'Object Repository/Page_FillUpForm/input_Date_datepicker'

2022-10-24 13:43:37 - [TEST_STEP][PASSED] - click(findTestObject("Object Repository/Page_FillUpForm/input_Profession_profession")): Object: 'Object Repository/Page_FillUpForm/input_Profession_profession' is clicked on

2022-10-24 13:43:38 - [MESSAGE][PASSED] - Object: 'Object Repository/Page_FillUpForm/input_Profession_profession' is clicked on

2022-10-24 13:43:38 - [TEST_STEP][PASSED] - click(findTestObject("Object Repository/Page_FillUpForm/input_Profession_profession_1")): Object: 'Object Repository/Page_FillUpForm/input_Profession_profession_1' is clicked on

2022-10-24 13:43:38 - [MESSAGE][PASSED] - Object: 'Object Repository/Page_FillUpForm/input_Profession_profession_1' is clicked on

2022-10-24 13:43:38 - [TEST_STEP][PASSED] - click(findTestObject("Object Repository/Page_FillUpForm/input_Automation Tools_tool")): Object: 'Object Repository/Page_FillUpForm/input_Automation Tools_tool' is clicked on

2022-10-24 13:43:38 - [MESSAGE][PASSED] - Object: 'Object Repository/Page_FillUpForm/input_Automation Tools_tool' is clicked on

2022-10-24 13:43:38 - [TEST_STEP][PASSED] - selectOptionByValue(findTestObject("Object Repository/Page_FillUpForm/select_AsiaEuropeAfricaAustraliaSouth Ameri_982c86"), "North America", true): All options with value 'North America' are selected in object 'Object Repository/Page_FillUpForm/select_AsiaEuropeAfricaAustraliaSouth Ameri_982c86'  using regular expression

2022-10-24 13:43:40 - [MESSAGE][PASSED] - All options with value 'North America' are selected in object 'Object Repository/Page_FillUpForm/select_AsiaEuropeAfricaAustraliaSouth Ameri_982c86'  using regular expression

2022-10-24 13:43:40 - [TEST_STEP][PASSED] - selectOptionByValue(findTestObject("Object Repository/Page_FillUpForm/select_Browser CommandsNavigation CommandsS_69f390"), "Browser Commands", true): All options with value 'Browser Commands' are selected in object 'Object Repository/Page_FillUpForm/select_Browser CommandsNavigation CommandsS_69f390'  using regular expression

2022-10-24 13:43:41 - [MESSAGE][PASSED] - All options with value 'Browser Commands' are selected in object 'Object Repository/Page_FillUpForm/select_Browser CommandsNavigation CommandsS_69f390'  using regular expression

2022-10-24 13:43:41 - [TEST_STEP][PASSED] - selectOptionByValue(findTestObject("Object Repository/Page_FillUpForm/select_Browser CommandsNavigation CommandsS_69f390"), "WebElement Commands", true): All options with value 'WebElement Commands' are selected in object 'Object Repository/Page_FillUpForm/select_Browser CommandsNavigation CommandsS_69f390'  using regular expression

2022-10-24 13:43:42 - [MESSAGE][PASSED] - All options with value 'WebElement Commands' are selected in object 'Object Repository/Page_FillUpForm/select_Browser CommandsNavigation CommandsS_69f390'  using regular expression

2022-10-24 13:43:42 - [TEST_STEP][PASSED] - click(findTestObject("Object Repository/Page_FillUpForm/btnSubmit")): Object: 'Object Repository/Page_FillUpForm/btnSubmit' is clicked on

2022-10-24 13:43:42 - [MESSAGE][PASSED] - Object: 'Object Repository/Page_FillUpForm/btnSubmit' is clicked on

2022-10-24 13:43:42 - [TEST_STEP][PASSED] - verifyElementPresent(findTestObject("Page_FillUpForm/btnSubmit"), 3): Object 'Object Repository/Page_FillUpForm/btnSubmit' is present

2022-10-24 13:43:42 - [MESSAGE][PASSED] - Object 'Object Repository/Page_FillUpForm/btnSubmit' is present]]></system-out>
         <system-err><![CDATA[]]></system-err>
      </testcase>
      <testcase name="Test Cases/Form/Test_FillUpForm with DataFiles" time="15.502" classname="Test Cases/Form/Test_FillUpForm with DataFiles" status="PASSED">
         <system-out><![CDATA[2022-10-24 13:43:42 - [TEST_CASE][PASSED] - Test Cases/Form/Test_FillUpForm with DataFiles: Test Cases/Form/Test_FillUpForm with DataFiles

2022-10-24 13:43:42 - [TEST_STEP][PASSED] - openBrowser(url_form): Browser is opened with url: 'https://www.techlistic.com/p/selenium-practice-form.html'

2022-10-24 13:43:42 - [MESSAGE][WARNING] - A browser is already opened. Closing browser and opening a new one

2022-10-24 13:43:43 - [MESSAGE][INFO] - Starting 'Chrome' driver

2022-10-24 13:43:43 - [MESSAGE][INFO] - Action delay is set to 0 milliseconds

2022-10-24 13:43:46 - [MESSAGE][PASSED] - Browser is opened with url: 'https://www.techlistic.com/p/selenium-practice-form.html'

2022-10-24 13:43:46 - [TEST_STEP][PASSED] - maximizeWindow(): Current window maximized

2022-10-24 13:43:46 - [MESSAGE][PASSED] - Current window maximized

2022-10-24 13:43:46 - [TEST_STEP][PASSED] - input_FirstName = findTestObject("Object Repository/Page_FillUpForm/input_FirstName"): null

2022-10-24 13:43:46 - [TEST_STEP][PASSED] - input_LastName = findTestObject("Object Repository/Page_FillUpForm/input_Last name_lastname"): null

2022-10-24 13:43:46 - [TEST_STEP][PASSED] - input_Date = findTestObject("Object Repository/Page_FillUpForm/input_Date_datepicker"): null

2022-10-24 13:43:46 - [TEST_STEP][PASSED] - setText(input_FirstName, "Guillermo"): Text 'Guillermo' is set on object 'Object Repository/Page_FillUpForm/input_FirstName'

2022-10-24 13:43:48 - [MESSAGE][PASSED] - Text 'Guillermo' is set on object 'Object Repository/Page_FillUpForm/input_FirstName'

2022-10-24 13:43:48 - [TEST_STEP][PASSED] - setText(input_LastName, "Perez"): Text 'Perez' is set on object 'Object Repository/Page_FillUpForm/input_Last name_lastname'

2022-10-24 13:43:48 - [MESSAGE][PASSED] - Text 'Perez' is set on object 'Object Repository/Page_FillUpForm/input_Last name_lastname'

2022-10-24 13:43:48 - [TEST_STEP][PASSED] - click(findTestObject("Object Repository/Page_FillUpForm/input_Gender_sex")): Object: 'Object Repository/Page_FillUpForm/input_Gender_sex' is clicked on

2022-10-24 13:43:49 - [MESSAGE][PASSED] - Object: 'Object Repository/Page_FillUpForm/input_Gender_sex' is clicked on

2022-10-24 13:43:49 - [TEST_STEP][PASSED] - click(findTestObject("Object Repository/Page_FillUpForm/input_Years of Experience_exp")): Object: 'Object Repository/Page_FillUpForm/input_Years of Experience_exp' is clicked on

2022-10-24 13:43:49 - [MESSAGE][PASSED] - Object: 'Object Repository/Page_FillUpForm/input_Years of Experience_exp' is clicked on

2022-10-24 13:43:49 - [TEST_STEP][PASSED] - setText(input_Date, "14/07/1993"): Text '14/07/1993' is set on object 'Object Repository/Page_FillUpForm/input_Date_datepicker'

2022-10-24 13:43:50 - [MESSAGE][PASSED] - Text '14/07/1993' is set on object 'Object Repository/Page_FillUpForm/input_Date_datepicker'

2022-10-24 13:43:50 - [TEST_STEP][PASSED] - click(findTestObject("Object Repository/Page_FillUpForm/input_Profession_profession")): Object: 'Object Repository/Page_FillUpForm/input_Profession_profession' is clicked on

2022-10-24 13:43:50 - [MESSAGE][PASSED] - Object: 'Object Repository/Page_FillUpForm/input_Profession_profession' is clicked on

2022-10-24 13:43:50 - [TEST_STEP][PASSED] - click(findTestObject("Object Repository/Page_FillUpForm/input_Profession_profession_1")): Object: 'Object Repository/Page_FillUpForm/input_Profession_profession_1' is clicked on

2022-10-24 13:43:53 - [MESSAGE][PASSED] - Object: 'Object Repository/Page_FillUpForm/input_Profession_profession_1' is clicked on

2022-10-24 13:43:53 - [TEST_STEP][PASSED] - click(findTestObject("Object Repository/Page_FillUpForm/input_Automation Tools_tool")): Object: 'Object Repository/Page_FillUpForm/input_Automation Tools_tool' is clicked on

2022-10-24 13:43:54 - [MESSAGE][PASSED] - Object: 'Object Repository/Page_FillUpForm/input_Automation Tools_tool' is clicked on

2022-10-24 13:43:54 - [TEST_STEP][PASSED] - selectOptionByValue(findTestObject("Object Repository/Page_FillUpForm/select_AsiaEuropeAfricaAustraliaSouth Ameri_982c86"), "North America", true): All options with value 'North America' are selected in object 'Object Repository/Page_FillUpForm/select_AsiaEuropeAfricaAustraliaSouth Ameri_982c86'  using regular expression

2022-10-24 13:43:55 - [MESSAGE][PASSED] - All options with value 'North America' are selected in object 'Object Repository/Page_FillUpForm/select_AsiaEuropeAfricaAustraliaSouth Ameri_982c86'  using regular expression

2022-10-24 13:43:55 - [TEST_STEP][PASSED] - selectOptionByValue(findTestObject("Object Repository/Page_FillUpForm/select_Browser CommandsNavigation CommandsS_69f390"), "Browser Commands", true): All options with value 'Browser Commands' are selected in object 'Object Repository/Page_FillUpForm/select_Browser CommandsNavigation CommandsS_69f390'  using regular expression

2022-10-24 13:43:56 - [MESSAGE][PASSED] - All options with value 'Browser Commands' are selected in object 'Object Repository/Page_FillUpForm/select_Browser CommandsNavigation CommandsS_69f390'  using regular expression

2022-10-24 13:43:56 - [TEST_STEP][PASSED] - selectOptionByValue(findTestObject("Object Repository/Page_FillUpForm/select_Browser CommandsNavigation CommandsS_69f390"), "WebElement Commands", true): All options with value 'WebElement Commands' are selected in object 'Object Repository/Page_FillUpForm/select_Browser CommandsNavigation CommandsS_69f390'  using regular expression

2022-10-24 13:43:57 - [MESSAGE][PASSED] - All options with value 'WebElement Commands' are selected in object 'Object Repository/Page_FillUpForm/select_Browser CommandsNavigation CommandsS_69f390'  using regular expression

2022-10-24 13:43:57 - [TEST_STEP][PASSED] - click(findTestObject("Object Repository/Page_FillUpForm/btnSubmit")): Object: 'Object Repository/Page_FillUpForm/btnSubmit' is clicked on

2022-10-24 13:43:57 - [MESSAGE][PASSED] - Object: 'Object Repository/Page_FillUpForm/btnSubmit' is clicked on

2022-10-24 13:43:57 - [TEST_STEP][PASSED] - verifyElementPresent(findTestObject("Page_FillUpForm/btnSubmit"), 3): Object 'Object Repository/Page_FillUpForm/btnSubmit' is present

2022-10-24 13:43:58 - [MESSAGE][PASSED] - Object 'Object Repository/Page_FillUpForm/btnSubmit' is present]]></system-out>
         <system-err><![CDATA[]]></system-err>
      </testcase>
      <system-out><![CDATA[2022-10-24 13:42:58 - [TEST_SUITE][PASSED] - Smoke_Datafiles: Test Cases/Form/Test_FillUpForm with DataFiles]]></system-out>
      <system-err><![CDATA[]]></system-err>
   </testsuite>
</testsuites>
